Using pre-set license
Built from '2020.3/staging' branch; Version is '2020.3.0f1 (c7b5465681fb) revision 13088070'; Using compiler version '192528614'; Build Type 'Release'
OS: 'Windows 10 Pro; OS build 19042.928; Version 2009; 64bit' Language: 'en' Physical Memory: 16190 MB
BatchMode: 1, IsHumanControllingUs: 0, StartBugReporterOnCrash: 0, Is64bit: 1, IsPro: 0

 COMMAND LINE ARGUMENTS:
C:\Program Files\Unity\Hub\Editor\2020.3.0f1\Editor\Unity.exe
-adb2
-batchMode
-noUpm
-name
AssetImportWorker0
-projectPath
C:/Users/EIROM/Documents/GitHub/Skole/Spill/Fylledum
-logFile
Logs/AssetImportWorker0.log
-srvPort
59452
Successfully changed project path to: C:/Users/EIROM/Documents/GitHub/Skole/Spill/Fylledum
C:/Users/EIROM/Documents/GitHub/Skole/Spill/Fylledum
Using Asset Import Pipeline V2.
Refreshing native plugins compatible for Editor in 29.08 ms, found 0 plugins.
Preloading 0 native plugins for Editor in 0.00 ms.
Initialize engine version: 2020.3.0f1 (c7b5465681fb)
[Subsystems] Discovering subsystems at path C:/Program Files/Unity/Hub/Editor/2020.3.0f1/Editor/Data/Resources/UnitySubsystems
[Subsystems] Discovering subsystems at path C:/Users/EIROM/Documents/GitHub/Skole/Spill/Fylledum/Assets
GfxDevice: creating device client; threaded=0
Direct3D:
    Version:  Direct3D 11.0 [level 11.1]
    Renderer: AMD Radeon Pro WX3200 Graphics (ID=0x6981)
    Vendor:   
    VRAM:     4076 MB
    Driver:   27.20.11023.9002
Initialize mono
Mono path[0] = 'C:/Program Files/Unity/Hub/Editor/2020.3.0f1/Editor/Data/Managed'
Mono path[1] = 'C:/Program Files/Unity/Hub/Editor/2020.3.0f1/Editor/Data/MonoBleedingEdge/lib/mono/unityjit'
Mono config path = 'C:/Program Files/Unity/Hub/Editor/2020.3.0f1/Editor/Data/MonoBleedingEdge/etc'
Using monoOptions --debugger-agent=transport=dt_socket,embedding=1,server=y,suspend=n,address=127.0.0.1:56828
Begin MonoManager ReloadAssembly
Registering precompiled unity dll's ...
Register platform support module: C:/Program Files/Unity/Hub/Editor/2020.3.0f1/Editor/Data/PlaybackEngines/WindowsStandaloneSupport/UnityEditor.WindowsStandalone.Extensions.dll
Registered in 0.001778 seconds.
Native extension for WindowsStandalone target not found
Refreshing native plugins compatible for Editor in 28.71 ms, found 0 plugins.
Preloading 0 native plugins for Editor in 0.00 ms.
Invoked RoslynAnalysisRunner static constructor.
RoslynAnalysisRunner will not be running.
RoslynAnalysisRunner has terminated.
Mono: successfully reloaded assembly
- Completed reload, in  3.438 seconds
Platform modules already initialized, skipping
Registering precompiled user dll's ...
Registered in 0.001266 seconds.
Begin MonoManager ReloadAssembly
Native extension for WindowsStandalone target not found
Refreshing native plugins compatible for Editor in 0.53 ms, found 0 plugins.
Preloading 0 native plugins for Editor in 0.00 ms.
Invoked RoslynAnalysisRunner static constructor.
RoslynAnalysisRunner will not be running.
RoslynAnalysisRunner has terminated.
Mono: successfully reloaded assembly
- Completed reload, in  1.416 seconds
Platform modules already initialized, skipping
========================================================================
Worker process is ready to serve import requests
Launched and connected shader compiler UnityShaderCompiler.exe after 0.19 seconds
Refreshing native plugins compatible for Editor in 0.56 ms, found 0 plugins.
Preloading 0 native plugins for Editor in 0.00 ms.
Unloading 1288 Unused Serialized files (Serialized files now loaded: 0)
System memory in use before: 65.1 MB.
System memory in use after: 65.2 MB.

Unloading 10 unused Assets to reduce memory usage. Loaded Objects now: 1732.
Total: 7.038000 ms (FindLiveObjects: 0.410600 ms CreateObjectMapping: 0.158700 ms MarkObjects: 6.260300 ms  DeleteObjects: 0.204900 ms)

========================================================================
Received Import Request.
  path: Assets/Scripts/Car/CarController.cs
  artifactKey: Guid(e397652c767de154faafa47ff30f7665) Importer(815301076,1909f56bfc062723c751e8b465ee728b)
Start importing Assets/Scripts/Car/CarController.cs using Guid(e397652c767de154faafa47ff30f7665) Importer(815301076,1909f56bfc062723c751e8b465ee728b)  -> (artifact id: 'e43112b5cf911d104f9231e643ca6ee8') in 0.086158 seconds
  Import took 0.094341 seconds .

========================================================================
Received Prepare
Registering precompiled user dll's ...
Registered in 0.001670 seconds.
Begin MonoManager ReloadAssembly
Native extension for WindowsStandalone target not found
Refreshing native plugins compatible for Editor in 0.55 ms, found 0 plugins.
Preloading 0 native plugins for Editor in 0.00 ms.
Invoked RoslynAnalysisRunner static constructor.
RoslynAnalysisRunner will not be running.
RoslynAnalysisRunner has terminated.
Mono: successfully reloaded assembly
- Completed reload, in  5.884 seconds
Platform modules already initialized, skipping
Refreshing native plugins compatible for Editor in 0.57 ms, found 0 plugins.
Preloading 0 native plugins for Editor in 0.00 ms.
Unloading 1270 Unused Serialized files (Serialized files now loaded: 0)
System memory in use before: 64.0 MB.
System memory in use after: 64.1 MB.

Unloading 5 unused Assets to reduce memory usage. Loaded Objects now: 1735.
Total: 2.371600 ms (FindLiveObjects: 0.237300 ms CreateObjectMapping: 0.060000 ms MarkObjects: 1.987300 ms  DeleteObjects: 0.084700 ms)

========================================================================
Received Prepare
Registering precompiled user dll's ...
Registered in 0.000763 seconds.
Begin MonoManager ReloadAssembly
Native extension for WindowsStandalone target not found
Refreshing native plugins compatible for Editor in 0.27 ms, found 0 plugins.
Preloading 0 native plugins for Editor in 0.00 ms.
Invoked RoslynAnalysisRunner static constructor.
RoslynAnalysisRunner will not be running.
RoslynAnalysisRunner has terminated.
Mono: successfully reloaded assembly
- Completed reload, in  1.021 seconds
Platform modules already initialized, skipping
Refreshing native plugins compatible for Editor in 0.25 ms, found 0 plugins.
Preloading 0 native plugins for Editor in 0.00 ms.
Unloading 1270 Unused Serialized files (Serialized files now loaded: 0)
System memory in use before: 64.1 MB.
System memory in use after: 64.1 MB.

Unloading 5 unused Assets to reduce memory usage. Loaded Objects now: 1738.
Total: 2.262400 ms (FindLiveObjects: 0.347600 ms CreateObjectMapping: 0.111000 ms MarkObjects: 1.738300 ms  DeleteObjects: 0.061300 ms)

========================================================================
Received Import Request.
  Time since last request: 144.748329 seconds.
  path: Assets/Scripts/Car/CarController.cs
  artifactKey: Guid(e397652c767de154faafa47ff30f7665) Importer(815301076,1909f56bfc062723c751e8b465ee728b)
Start importing Assets/Scripts/Car/CarController.cs using Guid(e397652c767de154faafa47ff30f7665) Importer(815301076,1909f56bfc062723c751e8b465ee728b)  -> (artifact id: '4a7b83b88909208fd28c00dbc722fd08') in 0.006947 seconds
  Import took 0.039797 seconds .

========================================================================
Received Prepare
Registering precompiled user dll's ...
Registered in 0.000683 seconds.
Begin MonoManager ReloadAssembly
Native extension for WindowsStandalone target not found
Refreshing native plugins compatible for Editor in 0.30 ms, found 0 plugins.
Preloading 0 native plugins for Editor in 0.00 ms.
Invoked RoslynAnalysisRunner static constructor.
RoslynAnalysisRunner will not be running.
RoslynAnalysisRunner has terminated.
Mono: successfully reloaded assembly
- Completed reload, in  0.951 seconds
Platform modules already initialized, skipping
Refreshing native plugins compatible for Editor in 0.25 ms, found 0 plugins.
Preloading 0 native plugins for Editor in 0.00 ms.
Unloading 1270 Unused Serialized files (Serialized files now loaded: 0)
System memory in use before: 64.1 MB.
System memory in use after: 64.2 MB.

Unloading 5 unused Assets to reduce memory usage. Loaded Objects now: 1741.
Total: 2.259300 ms (FindLiveObjects: 0.295000 ms CreateObjectMapping: 0.058400 ms MarkObjects: 1.840800 ms  DeleteObjects: 0.062900 ms)

========================================================================
Received Import Request.
  Time since last request: 223.715461 seconds.
  path: Assets/3D Models/Person/Character.fbx
  artifactKey: Guid(9649e20fac50b6c4cb0b3b36cbdd1f25) Importer(815301076,1909f56bfc062723c751e8b465ee728b)
Start importing Assets/3D Models/Person/Character.fbx using Guid(9649e20fac50b6c4cb0b3b36cbdd1f25) Importer(815301076,1909f56bfc062723c751e8b465ee728b)  -> (artifact id: 'be394ab812dcbf8de9afce18132bbc5b') in 0.318345 seconds
  Import took 0.323228 seconds .

========================================================================
Received Import Request.
  Time since last request: 15.806138 seconds.
  path: Assets/3D Models/Person/Character.fbx
  artifactKey: Guid(9649e20fac50b6c4cb0b3b36cbdd1f25) Importer(815301076,1909f56bfc062723c751e8b465ee728b)
Start importing Assets/3D Models/Person/Character.fbx using Guid(9649e20fac50b6c4cb0b3b36cbdd1f25) Importer(815301076,1909f56bfc062723c751e8b465ee728b)  -> (artifact id: '3ace9129f2ea23773f992029104c6351') in 0.051366 seconds
  Import took 0.055199 seconds .

========================================================================
Received Import Request.
  Time since last request: 0.000214 seconds.
  path: Assets/3D Models/Person/Character.png
  artifactKey: Guid(5019b74ba2afa44429a3bbb9772aac84) Importer(815301076,1909f56bfc062723c751e8b465ee728b)
Start importing Assets/3D Models/Person/Character.png using Guid(5019b74ba2afa44429a3bbb9772aac84) Importer(815301076,1909f56bfc062723c751e8b465ee728b)  -> (artifact id: '96999c9c2fd1f106e7cfea22802439d1') in 0.061856 seconds
  Import took 0.065299 seconds .

========================================================================
Received Prepare
Registering precompiled user dll's ...
Registered in 0.000669 seconds.
Begin MonoManager ReloadAssembly
Native extension for WindowsStandalone target not found
Refreshing native plugins compatible for Editor in 0.22 ms, found 0 plugins.
Preloading 0 native plugins for Editor in 0.00 ms.
Invoked RoslynAnalysisRunner static constructor.
RoslynAnalysisRunner will not be running.
RoslynAnalysisRunner has terminated.
Mono: successfully reloaded assembly
- Completed reload, in  0.918 seconds
Platform modules already initialized, skipping
Refreshing native plugins compatible for Editor in 0.27 ms, found 0 plugins.
Preloading 0 native plugins for Editor in 0.00 ms.
Unloading 1270 Unused Serialized files (Serialized files now loaded: 0)
System memory in use before: 81.6 MB.
System memory in use after: 81.7 MB.

Unloading 5 unused Assets to reduce memory usage. Loaded Objects now: 1789.
Total: 3.448600 ms (FindLiveObjects: 0.392700 ms CreateObjectMapping: 0.208300 ms MarkObjects: 2.731600 ms  DeleteObjects: 0.112000 ms)

========================================================================
Received Import Request.
  Time since last request: 68.452667 seconds.
  path: Assets/3D Models/Person/Character 1.controller
  artifactKey: Guid(1d70a11d31139b246869eb8bb3f095f5) Importer(815301076,1909f56bfc062723c751e8b465ee728b)
Start importing Assets/3D Models/Person/Character 1.controller using Guid(1d70a11d31139b246869eb8bb3f095f5) Importer(815301076,1909f56bfc062723c751e8b465ee728b)  -> (artifact id: '566268e4cb7a55d39c728850e0062705') in 0.049508 seconds
  Import took 0.052269 seconds .

========================================================================
Received Import Request.
  Time since last request: 2.622740 seconds.
  path: Assets/3D Models/Person/Character.controller
  artifactKey: Guid(914b03db30f8d5145a6188bd7f1b6427) Importer(815301076,1909f56bfc062723c751e8b465ee728b)
Start importing Assets/3D Models/Person/Character.controller using Guid(914b03db30f8d5145a6188bd7f1b6427) Importer(815301076,1909f56bfc062723c751e8b465ee728b)  -> (artifact id: 'a7da398e452f57487d3ceb5d4c1059c1') in 0.003266 seconds
  Import took 0.007314 seconds .

========================================================================
Received Import Request.
  Time since last request: 13.561391 seconds.
  path: Assets/3D Models/Person/New Animation.anim
  artifactKey: Guid(4989a18bedc5adc49afd17e88b7dd77d) Importer(815301076,1909f56bfc062723c751e8b465ee728b)
Start importing Assets/3D Models/Person/New Animation.anim using Guid(4989a18bedc5adc49afd17e88b7dd77d) Importer(815301076,1909f56bfc062723c751e8b465ee728b)  -> (artifact id: '4e9223015e5df1c7c6a18facdda8c360') in 0.011697 seconds
  Import took 0.015455 seconds .

========================================================================
Received Import Request.
  Time since last request: 107.817373 seconds.
  path: Assets/3D Models/Person/Character.controller
  artifactKey: Guid(914b03db30f8d5145a6188bd7f1b6427) Importer(815301076,1909f56bfc062723c751e8b465ee728b)
Start importing Assets/3D Models/Person/Character.controller using Guid(914b03db30f8d5145a6188bd7f1b6427) Importer(815301076,1909f56bfc062723c751e8b465ee728b)  -> (artifact id: '33cf5a16f247936db39042d6eddd999b') in 0.003779 seconds
  Import took 0.035245 seconds .

========================================================================
Received Import Request.
  Time since last request: 199.219696 seconds.
  path: Assets/3D Models/Person/Idle.anim
  artifactKey: Guid(c54c9fd8cd2ac9d499ed70b2cb8fb76e) Importer(815301076,1909f56bfc062723c751e8b465ee728b)
Start importing Assets/3D Models/Person/Idle.anim using Guid(c54c9fd8cd2ac9d499ed70b2cb8fb76e) Importer(815301076,1909f56bfc062723c751e8b465ee728b)  -> (artifact id: 'efafda1698633f74bfbb294c26f29421') in 0.009508 seconds
  Import took 0.047414 seconds .

========================================================================
Received Import Request.
  Time since last request: 0.456552 seconds.
  path: Assets/3D Models/Person/Character.controller
  artifactKey: Guid(914b03db30f8d5145a6188bd7f1b6427) Importer(815301076,1909f56bfc062723c751e8b465ee728b)
Start importing Assets/3D Models/Person/Character.controller using Guid(914b03db30f8d5145a6188bd7f1b6427) Importer(815301076,1909f56bfc062723c751e8b465ee728b)  -> (artifact id: '21cd0d8ead7a9fe2b8f9638db46e3dbc') in 0.004252 seconds
  Import took 0.006831 seconds .

========================================================================
Received Import Request.
  Time since last request: 363.712409 seconds.
  path: Assets/3D Models/Person/Character Animator.controller
  artifactKey: Guid(6c97432cb28c1454e975726db96d48de) Importer(815301076,1909f56bfc062723c751e8b465ee728b)
Start importing Assets/3D Models/Person/Character Animator.controller using Guid(6c97432cb28c1454e975726db96d48de) Importer(815301076,1909f56bfc062723c751e8b465ee728b)  -> (artifact id: '76118e64425a31a2b802381c76b461a7') in 0.010663 seconds
  Import took 0.014128 seconds .

========================================================================
Received Import Request.
  Time since last request: 0.717205 seconds.
  path: Assets/3D Models/Person/Character Animator.controller
  artifactKey: Guid(6c97432cb28c1454e975726db96d48de) Importer(815301076,1909f56bfc062723c751e8b465ee728b)
Start importing Assets/3D Models/Person/Character Animator.controller using Guid(6c97432cb28c1454e975726db96d48de) Importer(815301076,1909f56bfc062723c751e8b465ee728b)  -> (artifact id: 'a427f9d63e7c0305759fbbb8afb146d4') in 0.004576 seconds
  Import took 0.038977 seconds .

========================================================================
Received Prepare
Registering precompiled user dll's ...
Registered in 0.001207 seconds.
Begin MonoManager ReloadAssembly
Native extension for WindowsStandalone target not found
Refreshing native plugins compatible for Editor in 0.32 ms, found 0 plugins.
Preloading 0 native plugins for Editor in 0.00 ms.
Invoked RoslynAnalysisRunner static constructor.
RoslynAnalysisRunner will not be running.
RoslynAnalysisRunner has terminated.
Mono: successfully reloaded assembly
- Completed reload, in  0.869 seconds
Platform modules already initialized, skipping
Refreshing native plugins compatible for Editor in 0.35 ms, found 0 plugins.
Preloading 0 native plugins for Editor in 0.00 ms.
Unloading 1270 Unused Serialized files (Serialized files now loaded: 0)
System memory in use before: 81.7 MB.
System memory in use after: 81.7 MB.

Unloading 5 unused Assets to reduce memory usage. Loaded Objects now: 1792.
Total: 3.266100 ms (FindLiveObjects: 0.357100 ms CreateObjectMapping: 0.134100 ms MarkObjects: 2.702300 ms  DeleteObjects: 0.070900 ms)

========================================================================
Received Prepare
Registering precompiled user dll's ...
Registered in 0.000603 seconds.
Begin MonoManager ReloadAssembly
Native extension for WindowsStandalone target not found
Refreshing native plugins compatible for Editor in 0.27 ms, found 0 plugins.
Preloading 0 native plugins for Editor in 0.00 ms.
Invoked RoslynAnalysisRunner static constructor.
RoslynAnalysisRunner will not be running.
RoslynAnalysisRunner has terminated.
Mono: successfully reloaded assembly
- Completed reload, in  0.880 seconds
Platform modules already initialized, skipping
Refreshing native plugins compatible for Editor in 0.27 ms, found 0 plugins.
Preloading 0 native plugins for Editor in 0.00 ms.
Unloading 1270 Unused Serialized files (Serialized files now loaded: 0)
System memory in use before: 81.7 MB.
System memory in use after: 81.8 MB.

Unloading 5 unused Assets to reduce memory usage. Loaded Objects now: 1795.
Total: 3.313000 ms (FindLiveObjects: 0.507400 ms CreateObjectMapping: 0.081200 ms MarkObjects: 2.592300 ms  DeleteObjects: 0.130300 ms)

========================================================================
Received Import Request.
  Time since last request: 69.812850 seconds.
  path: Assets/3D Models/Person/Character.fbx
  artifactKey: Guid(9649e20fac50b6c4cb0b3b36cbdd1f25) Importer(815301076,1909f56bfc062723c751e8b465ee728b)
Start importing Assets/3D Models/Person/Character.fbx using Guid(9649e20fac50b6c4cb0b3b36cbdd1f25) Importer(815301076,1909f56bfc062723c751e8b465ee728b)  -> (artifact id: '52856840332a74385312d9eb10ad3d50') in 0.122538 seconds
  Import took 0.125955 seconds .

========================================================================
Received Import Request.
  Time since last request: 1.967060 seconds.
  path: Assets/3D Models/Person/Character.fbx
  artifactKey: Guid(9649e20fac50b6c4cb0b3b36cbdd1f25) Importer(815301076,1909f56bfc062723c751e8b465ee728b)
Start importing Assets/3D Models/Person/Character.fbx using Guid(9649e20fac50b6c4cb0b3b36cbdd1f25) Importer(815301076,1909f56bfc062723c751e8b465ee728b)  -> (artifact id: '52856840332a74385312d9eb10ad3d50') in 0.034988 seconds
  Import took 0.037939 seconds .

========================================================================
Received Prepare
Registering precompiled user dll's ...
Registered in 0.000697 seconds.
Begin MonoManager ReloadAssembly
Native extension for WindowsStandalone target not found
Refreshing native plugins compatible for Editor in 0.31 ms, found 0 plugins.
Preloading 0 native plugins for Editor in 0.00 ms.
Invoked RoslynAnalysisRunner static constructor.
RoslynAnalysisRunner will not be running.
RoslynAnalysisRunner has terminated.
Mono: successfully reloaded assembly
- Completed reload, in  1.095 seconds
Platform modules already initialized, skipping
Refreshing native plugins compatible for Editor in 0.36 ms, found 0 plugins.
Preloading 0 native plugins for Editor in 0.00 ms.
Unloading 1270 Unused Serialized files (Serialized files now loaded: 0)
System memory in use before: 81.7 MB.
System memory in use after: 81.8 MB.

Unloading 5 unused Assets to reduce memory usage. Loaded Objects now: 1799.
Total: 2.246900 ms (FindLiveObjects: 0.299800 ms CreateObjectMapping: 0.068400 ms MarkObjects: 1.814300 ms  DeleteObjects: 0.062700 ms)

========================================================================
Received Prepare
Registering precompiled user dll's ...
Registered in 0.000702 seconds.
Begin MonoManager ReloadAssembly
Native extension for WindowsStandalone target not found
Refreshing native plugins compatible for Editor in 0.28 ms, found 0 plugins.
Preloading 0 native plugins for Editor in 0.00 ms.
Invoked RoslynAnalysisRunner static constructor.
RoslynAnalysisRunner will not be running.
RoslynAnalysisRunner has terminated.
Mono: successfully reloaded assembly
- Completed reload, in  0.928 seconds
Platform modules already initialized, skipping
Refreshing native plugins compatible for Editor in 0.23 ms, found 0 plugins.
Preloading 0 native plugins for Editor in 0.00 ms.
Unloading 1270 Unused Serialized files (Serialized files now loaded: 0)
System memory in use before: 81.7 MB.
System memory in use after: 81.8 MB.

Unloading 5 unused Assets to reduce memory usage. Loaded Objects now: 1802.
Total: 2.142600 ms (FindLiveObjects: 0.238100 ms CreateObjectMapping: 0.061400 ms MarkObjects: 1.779500 ms  DeleteObjects: 0.060900 ms)

========================================================================
Received Prepare
Registering precompiled user dll's ...
Registered in 0.001041 seconds.
Begin MonoManager ReloadAssembly
Native extension for WindowsStandalone target not found
Refreshing native plugins compatible for Editor in 0.28 ms, found 0 plugins.
Preloading 0 native plugins for Editor in 0.00 ms.
Invoked RoslynAnalysisRunner static constructor.
RoslynAnalysisRunner will not be running.
RoslynAnalysisRunner has terminated.
Mono: successfully reloaded assembly
- Completed reload, in  1.241 seconds
Platform modules already initialized, skipping
Refreshing native plugins compatible for Editor in 0.24 ms, found 0 plugins.
Preloading 0 native plugins for Editor in 0.00 ms.
Unloading 1270 Unused Serialized files (Serialized files now loaded: 0)
System memory in use before: 81.7 MB.
System memory in use after: 81.8 MB.

Unloading 5 unused Assets to reduce memory usage. Loaded Objects now: 1805.
Total: 2.430600 ms (FindLiveObjects: 0.367500 ms CreateObjectMapping: 0.102400 ms MarkObjects: 1.880500 ms  DeleteObjects: 0.076400 ms)

========================================================================
Received Prepare
Registering precompiled user dll's ...
Registered in 0.000720 seconds.
Begin MonoManager ReloadAssembly
Native extension for WindowsStandalone target not found
Refreshing native plugins compatible for Editor in 0.28 ms, found 0 plugins.
Preloading 0 native plugins for Editor in 0.00 ms.
Invoked RoslynAnalysisRunner static constructor.
RoslynAnalysisRunner will not be running.
RoslynAnalysisRunner has terminated.
Mono: successfully reloaded assembly
- Completed reload, in  0.869 seconds
Platform modules already initialized, skipping
Refreshing native plugins compatible for Editor in 0.24 ms, found 0 plugins.
Preloading 0 native plugins for Editor in 0.00 ms.
Unloading 1270 Unused Serialized files (Serialized files now loaded: 0)
System memory in use before: 81.7 MB.
System memory in use after: 81.8 MB.

Unloading 5 unused Assets to reduce memory usage. Loaded Objects now: 1808.
Total: 2.523500 ms (FindLiveObjects: 0.290400 ms CreateObjectMapping: 0.066100 ms MarkObjects: 2.068800 ms  DeleteObjects: 0.096600 ms)

========================================================================
Received Prepare
Registering precompiled user dll's ...
Registered in 0.000628 seconds.
Begin MonoManager ReloadAssembly
Native extension for WindowsStandalone target not found
Refreshing native plugins compatible for Editor in 0.22 ms, found 0 plugins.
Preloading 0 native plugins for Editor in 0.00 ms.
Invoked RoslynAnalysisRunner static constructor.
RoslynAnalysisRunner will not be running.
RoslynAnalysisRunner has terminated.
Mono: successfully reloaded assembly
- Completed reload, in  0.915 seconds
Platform modules already initialized, skipping
Refreshing native plugins compatible for Editor in 0.21 ms, found 0 plugins.
Preloading 0 native plugins for Editor in 0.00 ms.
Unloading 1270 Unused Serialized files (Serialized files now loaded: 0)
System memory in use before: 81.7 MB.
System memory in use after: 81.8 MB.

Unloading 5 unused Assets to reduce memory usage. Loaded Objects now: 1811.
Total: 1.961700 ms (FindLiveObjects: 0.317300 ms CreateObjectMapping: 0.044000 ms MarkObjects: 1.540200 ms  DeleteObjects: 0.057900 ms)

========================================================================
Received Import Request.
  Time since last request: 924.000658 seconds.
  path: Assets/3D Models/Person/Truck.prefab
  artifactKey: Guid(c4c25d7053be0d049847d398a21c8bd8) Importer(815301076,1909f56bfc062723c751e8b465ee728b)
Start importing Assets/3D Models/Person/Truck.prefab using Guid(c4c25d7053be0d049847d398a21c8bd8) Importer(815301076,1909f56bfc062723c751e8b465ee728b)  -> (artifact id: '75ac1a8000eccb4b957d3ed418a14328') in 0.094091 seconds
  Import took 0.098990 seconds .

========================================================================
Received Prepare
Registering precompiled user dll's ...
Registered in 0.001056 seconds.
Begin MonoManager ReloadAssembly
Native extension for WindowsStandalone target not found
Refreshing native plugins compatible for Editor in 0.28 ms, found 0 plugins.
Preloading 0 native plugins for Editor in 0.00 ms.
Invoked RoslynAnalysisRunner static constructor.
RoslynAnalysisRunner will not be running.
RoslynAnalysisRunner has terminated.
Mono: successfully reloaded assembly
- Completed reload, in  1.246 seconds
Platform modules already initialized, skipping
Refreshing native plugins compatible for Editor in 0.30 ms, found 0 plugins.
Preloading 0 native plugins for Editor in 0.00 ms.
Unloading 1271 Unused Serialized files (Serialized files now loaded: 0)
System memory in use before: 81.8 MB.
System memory in use after: 81.9 MB.

Unloading 5 unused Assets to reduce memory usage. Loaded Objects now: 1815.
Total: 2.150700 ms (FindLiveObjects: 0.248400 ms CreateObjectMapping: 0.097800 ms MarkObjects: 1.732200 ms  DeleteObjects: 0.069900 ms)

========================================================================
Received Import Request.
  Time since last request: 486.530727 seconds.
  path: Assets/Final Form Studio
  artifactKey: Guid(06f6687f5a922aa43a7bba2cfe5b0ef2) Importer(815301076,1909f56bfc062723c751e8b465ee728b)
Start importing Assets/Final Form Studio using Guid(06f6687f5a922aa43a7bba2cfe5b0ef2) Importer(815301076,1909f56bfc062723c751e8b465ee728b)  -> (artifact id: 'bdf82dc1c05289d0eb903d08a9c8009e') in 0.013067 seconds
  Import took 0.015657 seconds .

========================================================================
Received Import Request.
  Time since last request: 0.788385 seconds.
  path: Assets/Final Form Studio/Cars
  artifactKey: Guid(4219668a45b230e41a4242fca145316a) Importer(815301076,1909f56bfc062723c751e8b465ee728b)
Start importing Assets/Final Form Studio/Cars using Guid(4219668a45b230e41a4242fca145316a) Importer(815301076,1909f56bfc062723c751e8b465ee728b)  -> (artifact id: '07b0dada4e4152785f7c92cc934283b8') in 0.008334 seconds
  Import took 0.042009 seconds .

========================================================================
Received Import Request.
  Time since last request: 0.859779 seconds.
  path: Assets/Final Form Studio/Cars/Sedan-car-01
  artifactKey: Guid(7beed5789acb8034cb64de7fb9eb476b) Importer(815301076,1909f56bfc062723c751e8b465ee728b)
Start importing Assets/Final Form Studio/Cars/Sedan-car-01 using Guid(7beed5789acb8034cb64de7fb9eb476b) Importer(815301076,1909f56bfc062723c751e8b465ee728b)  -> (artifact id: '81a2f53f240562a1b45079b00ba600e8') in 0.008596 seconds
  Import took 0.034213 seconds .

========================================================================
Received Import Request.
  Time since last request: 0.043420 seconds.
  path: Assets/Final Form Studio/Cars/Sedan-car-01/sedan-car-01.fbx
  artifactKey: Guid(d1e985c0fb2658c4bb66c0dd53fe253c) Importer(815301076,1909f56bfc062723c751e8b465ee728b)
Start importing Assets/Final Form Studio/Cars/Sedan-car-01/sedan-car-01.fbx using Guid(d1e985c0fb2658c4bb66c0dd53fe253c) Importer(815301076,1909f56bfc062723c751e8b465ee728b)  -> (artifact id: '068a09e579d24f02b56d72f84db586de') in 0.398928 seconds
  Import took 0.402885 seconds .

========================================================================
Received Import Request.
  Time since last request: 0.000245 seconds.
  path: Assets/Final Form Studio/Cars/Sedan-car-01/wheel.fbx
  artifactKey: Guid(7fc5e78f5bf33a04e9490bb5454fc968) Importer(815301076,1909f56bfc062723c751e8b465ee728b)
Start importing Assets/Final Form Studio/Cars/Sedan-car-01/wheel.fbx using Guid(7fc5e78f5bf33a04e9490bb5454fc968) Importer(815301076,1909f56bfc062723c751e8b465ee728b)  -> (artifact id: '6c2622ca86291e375417d8455e0cb79f') in 0.105793 seconds
  Import took 0.114368 seconds .

========================================================================
Received Prepare
Registering precompiled user dll's ...
Registered in 0.000969 seconds.
Begin MonoManager ReloadAssembly
Native extension for WindowsStandalone target not found
Refreshing native plugins compatible for Editor in 0.28 ms, found 0 plugins.
Preloading 0 native plugins for Editor in 0.00 ms.
Invoked RoslynAnalysisRunner static constructor.
RoslynAnalysisRunner will not be running.
RoslynAnalysisRunner has terminated.
Mono: successfully reloaded assembly
- Completed reload, in  1.058 seconds
Platform modules already initialized, skipping
Refreshing native plugins compatible for Editor in 0.27 ms, found 0 plugins.
Preloading 0 native plugins for Editor in 0.00 ms.
Unloading 1271 Unused Serialized files (Serialized files now loaded: 0)
System memory in use before: 81.9 MB.
System memory in use after: 82.0 MB.

Unloading 5 unused Assets to reduce memory usage. Loaded Objects now: 1819.
Total: 2.499600 ms (FindLiveObjects: 0.274700 ms CreateObjectMapping: 0.110600 ms MarkObjects: 2.048600 ms  DeleteObjects: 0.063500 ms)

========================================================================
Received Prepare
Registering precompiled user dll's ...
Registered in 0.000700 seconds.
Begin MonoManager ReloadAssembly
Native extension for WindowsStandalone target not found
Refreshing native plugins compatible for Editor in 0.26 ms, found 0 plugins.
Preloading 0 native plugins for Editor in 0.00 ms.
Invoked RoslynAnalysisRunner static constructor.
RoslynAnalysisRunner will not be running.
RoslynAnalysisRunner has terminated.
Mono: successfully reloaded assembly
- Completed reload, in  0.997 seconds
Platform modules already initialized, skipping
Refreshing native plugins compatible for Editor in 0.35 ms, found 0 plugins.
Preloading 0 native plugins for Editor in 0.00 ms.
Unloading 1271 Unused Serialized files (Serialized files now loaded: 0)
System memory in use before: 81.9 MB.
System memory in use after: 82.0 MB.

Unloading 5 unused Assets to reduce memory usage. Loaded Objects now: 1822.
Total: 3.140400 ms (FindLiveObjects: 0.304600 ms CreateObjectMapping: 0.141200 ms MarkObjects: 2.622300 ms  DeleteObjects: 0.069500 ms)

========================================================================
Received Prepare
Registering precompiled user dll's ...
Registered in 0.001118 seconds.
Begin MonoManager ReloadAssembly
Native extension for WindowsStandalone target not found
Refreshing native plugins compatible for Editor in 0.26 ms, found 0 plugins.
Preloading 0 native plugins for Editor in 0.00 ms.
Invoked RoslynAnalysisRunner static constructor.
RoslynAnalysisRunner will not be running.
RoslynAnalysisRunner has terminated.
Mono: successfully reloaded assembly
- Completed reload, in  1.167 seconds
Platform modules already initialized, skipping
Refreshing native plugins compatible for Editor in 0.26 ms, found 0 plugins.
Preloading 0 native plugins for Editor in 0.00 ms.
Unloading 1270 Unused Serialized files (Serialized files now loaded: 0)
System memory in use before: 81.8 MB.
System memory in use after: 81.9 MB.

Unloading 6 unused Assets to reduce memory usage. Loaded Objects now: 1824.
Total: 2.304800 ms (FindLiveObjects: 0.193000 ms CreateObjectMapping: 0.059100 ms MarkObjects: 1.981000 ms  DeleteObjects: 0.068900 ms)

